Exception at PC 0x00007FFA6B9B3C58
Exception at PC 0x00007FFA6B9B3C58
Exception at PC 0x00007FFA6B9B3C58
Exception at PC 0x00007FFA6B9B3C58
Exception at PC 0x00007FFA6B9B3C58
Exception at PC 0x00007FFA6B9B3C58
Exception at PC 0x00007FFA6B9B3C58
Exception at PC 0x00007FFA6B9B3C58
Exception at PC 0x00007FFA6B9B3C58
Exception at PC 0x00007FFA6B9B3C58
Exception at PC 0x00007FFA0322BB93
Printing stacktrace...

Exception at PC 0x00007FFA6B9B3C58
Exception at PC 0x00007FFA6B9B3C58
Exception at PC 0x00007FFA6B9B3C58
Exception at PC 0x00007FFA6B9B3C58
Exception at PC 0x00007FFA6B9B3C58
Exception at PC 0x00007FFA6B9B3C58
Exception at PC 0x00007FFA6B9B3C58
Exception at PC 0x00007FFA6B9B3C58
Exception at PC 0x00007FFA6B9B3C58
Exception at PC 0x00007FFA6B9B3C58
Exception at PC 0x00007FFA6B9B3C58
Exception at PC 0x00007FFA6B9B3C58
Exception at PC 0x00007FFA6B9B3C58
Exception at PC 0x00007FFA6B9B3C58
Exception at PC 0x00007FFA6B9B3C58
Exception at PC 0x00007FFA6B9B3C58
Exception at PC 0x00007FFA6B9B3C58
Exception at PC 0x00007FFA6B9B3C58
Exception at PC 0x00007FFA6B9B3C58
[0]  [0x00007FFA0322BB93]
[1]  [0x00007FFA0322BB93]
[2]  [0x00007FFA0322B4A1]
[3]  [0x00007FFA0322B3EF]
[4]  [0x00007FFA032119FE]
[5]  [0x00007FFA03210ED1]
[6]  [0x00007FFA03210D76]
[7]  [0x00007FFA031B79F6]
[8]  [0x00007FFA031A7AFB]
[9]  [0x00007FFA032CE90A]
[10]  [0x00007FFA032E9F87]
[11]  [0x00007FFA032EA05F]
[12] (BaseThreadInitThunk+0x14) [0x00007FFA6E618364]
[13] (RtlUserThreadStart+0x21) [0x00007FFA6E9470D1]
Done
Exception at PC 0x00007FFA6B9B3C58
Exception at PC 0x00007FFA6B9B3C58
